-------------------------------------------------------------------------------
Test set: es.salesianos.servlet.WelcomeServletTest
-------------------------------------------------------------------------------
Tests run: 1, Failures: 0, Errors: 1, Skipped: 0, Time elapsed: 0.576 sec <<< FAILURE!
testDoPost(es.salesianos.servlet.WelcomeServletTest)  Time elapsed: 0.56 sec  <<< ERROR!
java.lang.RuntimeException: org.h2.jdbc.JdbcSQLSyntaxErrorException: Columna "ALMACEN" no encontrada
Column "ALMACEN" not found; SQL statement:


create table IF NOT EXISTS LIBRO(
	id bigint auto_increment,
isbn varchar(25),
fechaEdicion date,
almacen_old INT,
almacen_new INT,
FOREIGN KEY (almacen  ) REFERENCES ALMACEN_OLD(id),
FOREIGN KEY (almacen  ) REFERENCES ALMACEN_NEW(id)
) [42122-200]
	at es.salesianos.connection.ConnectionH2.open(ConnectionH2.java:17)
	at es.salesianos.repository.Repository.search(Repository.java:26)
	at es.salesianos.service.Service.insertOrUpdate(Service.java:29)
	at es.salesianos.servlet.WelcomeServlet.doPost(WelcomeServlet.java:28)
	at es.salesianos.servlet.WelcomeServletTest.testDoPost(WelcomeServletTest.java:47)
	at java.base/jdk.internal.reflect.NativeMethodAccessorImpl.invoke0(Native Method)
	at java.base/jdk.internal.reflect.NativeMethodAccessorImpl.invoke(NativeMethodAccessorImpl.java:62)
	at java.base/jdk.internal.reflect.DelegatingMethodAccessorImpl.invoke(DelegatingMethodAccessorImpl.java:43)
	at java.base/java.lang.reflect.Method.invoke(Method.java:566)
	at org.junit.runners.model.FrameworkMethod$1.runReflectiveCall(FrameworkMethod.java:59)
	at org.junit.internal.runners.model.ReflectiveCallable.run(ReflectiveCallable.java:12)
	at org.junit.runners.model.FrameworkMethod.invokeExplosively(FrameworkMethod.java:56)
	at org.junit.internal.runners.statements.InvokeMethod.evaluate(InvokeMethod.java:17)
	at org.junit.internal.runners.statements.RunBefores.evaluate(RunBefores.java:26)
	at org.junit.runners.ParentRunner$3.evaluate(ParentRunner.java:306)
	at org.junit.runners.BlockJUnit4ClassRunner$1.evaluate(BlockJUnit4ClassRunner.java:100)
	at org.junit.runners.ParentRunner.runLeaf(ParentRunner.java:366)
	at org.junit.runners.BlockJUnit4ClassRunner.runChild(BlockJUnit4ClassRunner.java:103)
	at org.junit.runners.BlockJUnit4ClassRunner.runChild(BlockJUnit4ClassRunner.java:63)
	at org.junit.runners.ParentRunner$4.run(ParentRunner.java:331)
	at org.junit.runners.ParentRunner$1.schedule(ParentRunner.java:79)
	at org.junit.runners.ParentRunner.runChildren(ParentRunner.java:329)
	at org.junit.runners.ParentRunner.access$100(ParentRunner.java:66)
	at org.junit.runners.ParentRunner$2.evaluate(ParentRunner.java:293)
	at org.junit.runners.ParentRunner$3.evaluate(ParentRunner.java:306)
	at org.junit.runners.ParentRunner.run(ParentRunner.java:413)
	at org.mockito.internal.runners.SilentJUnitRunner.run(SilentJUnitRunner.java:39)
	at org.mockito.internal.runners.StrictRunner.run(StrictRunner.java:35)
	at org.mockito.runners.MockitoJUnitRunner.run(MockitoJUnitRunner.java:104)
	at org.apache.maven.surefire.junit4.JUnit4Provider.execute(JUnit4Provider.java:252)
	at org.apache.maven.surefire.junit4.JUnit4Provider.executeTestSet(JUnit4Provider.java:141)
	at org.apache.maven.surefire.junit4.JUnit4Provider.invoke(JUnit4Provider.java:112)
	at java.base/jdk.internal.reflect.NativeMethodAccessorImpl.invoke0(Native Method)
	at java.base/jdk.internal.reflect.NativeMethodAccessorImpl.invoke(NativeMethodAccessorImpl.java:62)
	at java.base/jdk.internal.reflect.DelegatingMethodAccessorImpl.invoke(DelegatingMethodAccessorImpl.java:43)
	at java.base/java.lang.reflect.Method.invoke(Method.java:566)
	at org.apache.maven.surefire.util.ReflectionUtils.invokeMethodWithArray(ReflectionUtils.java:189)
	at org.apache.maven.surefire.booter.ProviderFactory$ProviderProxy.invoke(ProviderFactory.java:165)
	at org.apache.maven.surefire.booter.ProviderFactory.invokeProvider(ProviderFactory.java:85)
	at org.apache.maven.surefire.booter.ForkedBooter.runSuitesInProcess(ForkedBooter.java:115)
	at org.apache.maven.surefire.booter.ForkedBooter.main(ForkedBooter.java:75)
Caused by: org.h2.jdbc.JdbcSQLSyntaxErrorException: Columna "ALMACEN" no encontrada
Column "ALMACEN" not found; SQL statement:


create table IF NOT EXISTS LIBRO(
	id bigint auto_increment,
isbn varchar(25),
fechaEdicion date,
almacen_old INT,
almacen_new INT,
FOREIGN KEY (almacen  ) REFERENCES ALMACEN_OLD(id),
FOREIGN KEY (almacen  ) REFERENCES ALMACEN_NEW(id)
) [42122-200]
	at org.h2.message.DbException.getJdbcSQLException(DbException.java:453)
	at org.h2.message.DbException.getJdbcSQLException(DbException.java:429)
	at org.h2.message.DbException.get(DbException.java:205)
	at org.h2.message.DbException.get(DbException.java:181)
	at org.h2.table.Table.getColumn(Table.java:703)
	at org.h2.table.IndexColumn.mapColumns(IndexColumn.java:115)
	at org.h2.command.ddl.AlterTableAddConstraint.tryUpdate(AlterTableAddConstraint.java:216)
	at org.h2.command.ddl.AlterTableAddConstraint.update(AlterTableAddConstraint.java:78)
	at org.h2.command.ddl.CommandWithColumns.createConstraints(CommandWithColumns.java:83)
	at org.h2.command.ddl.CreateTable.update(CreateTable.java:133)
	at org.h2.command.dml.RunScriptCommand.execute(RunScriptCommand.java:79)
	at org.h2.command.dml.RunScriptCommand.update(RunScriptCommand.java:58)
	at org.h2.command.CommandContainer.update(CommandContainer.java:198)
	at org.h2.command.Command.executeUpdate(Command.java:251)
	at org.h2.engine.Engine.openSession(Engine.java:243)
	at org.h2.engine.Engine.createSessionAndValidate(Engine.java:171)
	at org.h2.engine.Engine.createSession(Engine.java:166)
	at org.h2.engine.Engine.createSession(Engine.java:29)
	at org.h2.engine.SessionRemote.connectEmbeddedOrServer(SessionRemote.java:340)
	at org.h2.jdbc.JdbcConnection.<init>(JdbcConnection.java:173)
	at org.h2.jdbc.JdbcConnection.<init>(JdbcConnection.java:152)
	at org.h2.Driver.connect(Driver.java:69)
	at java.sql/java.sql.DriverManager.getConnection(DriverManager.java:677)
	at java.sql/java.sql.DriverManager.getConnection(DriverManager.java:228)
	at es.salesianos.connection.ConnectionH2.open(ConnectionH2.java:14)
	... 40 more

